# JRE version: Java(TM) SE Runtime Environment 18.9 (11.0.8+10) (build 11.0.8+10-LTS)
# Java VM: Java HotSpot(TM) 64-Bit Server VM 18.9 (11.0.8+10-LTS, mixed mode, tiered, compressed oops, g1 gc, windows-amd64)
Heap:
 garbage-first heap   total 262144K, used 39258K [0x00000000e0000000, 0x0000000100000000)
  region size 1024K, 18 young (18432K), 16 survivors (16384K)
 Metaspace       used 54219K, capacity 56116K, committed 56396K, reserved 303104K
  class space    used 7265K, capacity 7913K, committed 8012K, reserved 253952K
GC Heap History (10 events):
Event: 5.357 GC heap before
{Heap before GC invocations=1 (full 0):
 garbage-first heap   total 262144K, used 116670K [0x00000000e0000000, 0x0000000100000000)
  region size 1024K, 108 young (110592K), 3 survivors (3072K)
 Metaspace       used 20680K, capacity 21088K, committed 21248K, reserved 272384K
  class space    used 2543K, capacity 2716K, committed 2816K, reserved 253952K
}
Event: 5.372 GC heap after
{Heap after GC invocations=2 (full 0):
 garbage-first heap   total 262144K, used 17206K [0x00000000e0000000, 0x0000000100000000)
  region size 1024K, 11 young (11264K), 11 survivors (11264K)
 Metaspace       used 20680K, capacity 21088K, committed 21248K, reserved 272384K
  class space    used 2543K, capacity 2716K, committed 2816K, reserved 253952K
}
Event: 6.101 GC heap before
{Heap before GC invocations=3 (full 0):
 garbage-first heap   total 262144K, used 57142K [0x00000000e0000000, 0x0000000100000000)
  region size 1024K, 50 young (51200K), 11 survivors (11264K)
 Metaspace       used 24647K, capacity 25261K, committed 25472K, reserved 276480K
  class space    used 3194K, capacity 3413K, committed 3456K, reserved 253952K
}
Event: 6.113 GC heap after
{Heap after GC invocations=4 (full 0):
 garbage-first heap   total 262144K, used 18999K [0x00000000e0000000, 0x0000000100000000)
  region size 1024K, 2 young (2048K), 2 survivors (2048K)
 Metaspace       used 24647K, capacity 25261K, committed 25472K, reserved 276480K
  class space    used 3194K, capacity 3413K, committed 3456K, reserved 253952K
}
Event: 8.157 GC heap before
{Heap before GC invocations=4 (full 0):
 garbage-first heap   total 262144K, used 100919K [0x00000000e0000000, 0x0000000100000000)
  region size 1024K, 83 young (84992K), 2 survivors (2048K)
 Metaspace       used 34914K, capacity 35786K, committed 35840K, reserved 286720K
  class space    used 4612K, capacity 4952K, committed 4992K, reserved 253952K
}
Event: 8.168 GC heap after
{Heap after GC invocations=5 (full 0):
 garbage-first heap   total 262144K, used 22435K [0x00000000e0000000, 0x0000000100000000)
  region size 1024K, 6 young (6144K), 6 survivors (6144K)
 Metaspace       used 34914K, capacity 35786K, committed 35840K, reserved 286720K
  class space    used 4612K, capacity 4952K, committed 4992K, reserved 253952K
}
Event: 10.705 GC heap before
{Heap before GC invocations=6 (full 0):
 garbage-first heap   total 262144K, used 127907K [0x00000000e0000000, 0x0000000100000000)
  region size 1024K, 106 young (108544K), 6 survivors (6144K)
 Metaspace       used 45162K, capacity 46319K, committed 46540K, reserved 294912K
  class space    used 5816K, capacity 6235K, committed 6348K, reserved 253952K
}
Event: 10.726 GC heap after
{Heap after GC invocations=7 (full 0):
 garbage-first heap   total 262144K, used 30802K [0x00000000e0000000, 0x0000000100000000)
  region size 1024K, 14 young (14336K), 14 survivors (14336K)
 Metaspace       used 45162K, capacity 46319K, committed 46540K, reserved 294912K
  class space    used 5816K, capacity 6235K, committed 6348K, reserved 253952K
}
Event: 13.664 GC heap before
{Heap before GC invocations=8 (full 0):
 garbage-first heap   total 262144K, used 152658K [0x00000000e0000000, 0x0000000100000000)
  region size 1024K, 133 young (136192K), 14 survivors (14336K)
 Metaspace       used 54111K, capacity 55961K, committed 56140K, reserved 303104K
  class space    used 7254K, capacity 7902K, committed 8012K, reserved 253952K
}
Event: 13.708 GC heap after
{Heap after GC invocations=9 (full 0):
 garbage-first heap   total 262144K, used 38234K [0x00000000e0000000, 0x0000000100000000)
  region size 1024K, 16 young (16384K), 16 survivors (16384K)
 Metaspace       used 54111K, capacity 55961K, committed 56140K, reserved 303104K
  class space    used 7254K, capacity 7902K, committed 8012K, reserved 253952K
}

