# JRE version: Java(TM) SE Runtime Environment 18.9 (11.0.8+10) (build 11.0.8+10-LTS)
# Java VM: Java HotSpot(TM) 64-Bit Server VM 18.9 (11.0.8+10-LTS, mixed mode, tiered, compressed oops, g1 gc, windows-amd64)
Heap:
 garbage-first heap   total 262144K, used 51331K [0x00000000e0000000, 0x0000000100000000)
  region size 1024K, 30 young (30720K), 20 survivors (20480K)
 Metaspace       used 62596K, capacity 64692K, committed 65024K, reserved 311296K
  class space    used 8387K, capacity 9128K, committed 9216K, reserved 253952K
GC Heap History (10 events):
Event: 5.684 GC heap before
{Heap before GC invocations=1 (full 0):
 garbage-first heap   total 262144K, used 115646K [0x00000000e0000000, 0x0000000100000000)
  region size 1024K, 108 young (110592K), 3 survivors (3072K)
 Metaspace       used 20691K, capacity 21092K, committed 21248K, reserved 272384K
  class space    used 2542K, capacity 2716K, committed 2816K, reserved 253952K
}
Event: 5.698 GC heap after
{Heap after GC invocations=2 (full 0):
 garbage-first heap   total 262144K, used 16869K [0x00000000e0000000, 0x0000000100000000)
  region size 1024K, 11 young (11264K), 11 survivors (11264K)
 Metaspace       used 20691K, capacity 21092K, committed 21248K, reserved 272384K
  class space    used 2542K, capacity 2716K, committed 2816K, reserved 253952K
}
Event: 6.939 GC heap before
{Heap before GC invocations=3 (full 0):
 garbage-first heap   total 262144K, used 78309K [0x00000000e0000000, 0x0000000100000000)
  region size 1024K, 71 young (72704K), 11 survivors (11264K)
 Metaspace       used 27185K, capacity 27906K, committed 28160K, reserved 278528K
  class space    used 3575K, capacity 3831K, committed 3840K, reserved 253952K
}
Event: 6.954 GC heap after
{Heap after GC invocations=4 (full 0):
 garbage-first heap   total 262144K, used 19638K [0x00000000e0000000, 0x0000000100000000)
  region size 1024K, 3 young (3072K), 3 survivors (3072K)
 Metaspace       used 27185K, capacity 27906K, committed 28160K, reserved 278528K
  class space    used 3575K, capacity 3831K, committed 3840K, reserved 253952K
}
Event: 8.518 GC heap before
{Heap before GC invocations=4 (full 0):
 garbage-first heap   total 262144K, used 80054K [0x00000000e0000000, 0x0000000100000000)
  region size 1024K, 63 young (64512K), 3 survivors (3072K)
 Metaspace       used 34936K, capacity 35791K, committed 35840K, reserved 286720K
  class space    used 4612K, capacity 4952K, committed 4992K, reserved 253952K
}
Event: 8.529 GC heap after
{Heap after GC invocations=5 (full 0):
 garbage-first heap   total 262144K, used 22464K [0x00000000e0000000, 0x0000000100000000)
  region size 1024K, 6 young (6144K), 6 survivors (6144K)
 Metaspace       used 34936K, capacity 35791K, committed 35840K, reserved 286720K
  class space    used 4612K, capacity 4952K, committed 4992K, reserved 253952K
}
Event: 11.359 GC heap before
{Heap before GC invocations=6 (full 0):
 garbage-first heap   total 262144K, used 138176K [0x00000000e0000000, 0x0000000100000000)
  region size 1024K, 116 young (118784K), 6 survivors (6144K)
 Metaspace       used 46085K, capacity 47297K, committed 47488K, reserved 294912K
  class space    used 5988K, capacity 6411K, committed 6528K, reserved 253952K
}
Event: 11.384 GC heap after
{Heap after GC invocations=7 (full 0):
 garbage-first heap   total 262144K, used 31278K [0x00000000e0000000, 0x0000000100000000)
  region size 1024K, 15 young (15360K), 15 survivors (15360K)
 Metaspace       used 46085K, capacity 47297K, committed 47488K, reserved 294912K
  class space    used 5988K, capacity 6411K, committed 6528K, reserved 253952K
}
Event: 14.842 GC heap before
{Heap before GC invocations=8 (full 0):
 garbage-first heap   total 262144K, used 172590K [0x00000000e0000000, 0x0000000100000000)
  region size 1024K, 153 young (156672K), 15 survivors (15360K)
 Metaspace       used 61278K, capacity 63333K, committed 63488K, reserved 309248K
  class space    used 8209K, capacity 8957K, committed 8960K, reserved 253952K
}
Event: 14.885 GC heap after
{Heap after GC invocations=9 (full 0):
 garbage-first heap   total 262144K, used 42115K [0x00000000e0000000, 0x0000000100000000)
  region size 1024K, 20 young (20480K), 20 survivors (20480K)
 Metaspace       used 61278K, capacity 63333K, committed 63488K, reserved 309248K
  class space    used 8209K, capacity 8957K, committed 8960K, reserved 253952K
}

